[30.06.2023 20:32:49] 21
[30.06.2023 20:32:49] sicorsku
[30.06.2023 20:32:49] 312
[30.06.2023 20:34:41] 21
[30.06.2023 20:34:41] sicorsku
[30.06.2023 20:34:41] 312
[30.06.2023 20:34:55] 21
[30.06.2023 20:34:55] sicorsku
[30.06.2023 20:34:55] 312
[30.06.2023 20:39:39] 21
[30.06.2023 20:39:39] sicorsku
[30.06.2023 20:39:39] 312
[30.06.2023 21:00:25] LearnOpenTK - Creating a Window
[30.06.2023 21:03:13] LearnOpenTK - Creating a Window
[01.07.2023 0:43:30] Starting Engine
[01.07.2023 0:43:35] include dll
[01.07.2023 0:49:15] Starting Engine
[01.07.2023 0:49:16] include dll
[01.07.2023 0:49:16] Head controller not in hierarchy
[01.07.2023 0:49:41] Starting Engine
[01.07.2023 0:49:46] include dll
[01.07.2023 0:49:46] Head controller not in hierarchy
[01.07.2023 0:50:17] Starting Engine
[01.07.2023 0:50:18] include dll
[01.07.2023 0:51:29] Starting Engine
[01.07.2023 0:51:32] include dll
[01.07.2023 0:52:24] Head controller not in hierarchy
[01.07.2023 0:52:55] Starting Engine
[01.07.2023 0:53:00] include dll
[01.07.2023 0:53:00] Head controller not in hierarchy
[01.07.2023 0:54:13] Starting Engine
[01.07.2023 0:54:18] include dll
[01.07.2023 0:54:18] Head controller not in hierarchy
[01.07.2023 0:55:16] Starting Engine
[01.07.2023 0:55:21] include dll
[01.07.2023 0:55:21] Head controller not in hierarchy
[01.07.2023 0:55:36] Starting Engine
[01.07.2023 0:55:37] include dll
[01.07.2023 0:55:37] Head controller not in hierarchy
[01.07.2023 0:56:09] Starting Engine
[01.07.2023 0:56:13] include dll
[01.07.2023 0:56:13] Head controller not in hierarchy
[01.07.2023 0:57:01] Starting Engine
[01.07.2023 0:57:06] include dll
[01.07.2023 0:57:30] Starting Engine
[01.07.2023 0:57:31] include dll
[01.07.2023 0:57:31] Head controller not in hierarchy
[01.07.2023 0:57:58] Starting Engine
[01.07.2023 0:58:03] include dll
[01.07.2023 0:59:05] Starting Engine
[01.07.2023 0:59:06] include dll
[01.07.2023 0:59:36] Starting Engine
[01.07.2023 0:59:38] include dll
[01.07.2023 1:08:33] Starting Engine
[01.07.2023 1:08:36] include dll
[01.07.2023 1:08:36] Starting gam
[01.07.2023 1:08:52] Starting Engine
[01.07.2023 1:08:57] include dll
[01.07.2023 1:08:57] Starting game
[01.07.2023 1:11:14] Starting Engine
[01.07.2023 1:11:18] include dll
[01.07.2023 1:11:18] Starting game
[01.07.2023 1:39:06] Starting Engine
[01.07.2023 1:40:22] Starting Engine
[01.07.2023 1:40:51] Starting Engine
[01.07.2023 1:41:30] Starting Engine
[01.07.2023 1:41:54] Starting Engine
[01.07.2023 1:41:56] include dll
[01.07.2023 1:42:42] Starting Engine
[01.07.2023 1:42:47] include dll
[01.07.2023 1:42:47] Starting game
[01.07.2023 1:46:32] Starting Engine
[01.07.2023 1:46:32] include dll
[01.07.2023 1:46:32] Starting game
[01.07.2023 1:46:50] Starting Engine
[01.07.2023 1:46:54] include dll
[01.07.2023 1:46:54] Starting game
[01.07.2023 1:47:09] Starting Engine
[01.07.2023 1:47:16] include dll
[01.07.2023 1:47:16] Starting game
[01.07.2023 1:48:05] Starting Engine
[01.07.2023 1:48:11] include dll
[01.07.2023 1:48:11] Starting game
[01.07.2023 1:49:16] Starting Engine
[01.07.2023 1:49:21] include dll
[01.07.2023 1:49:21] Starting game
[01.07.2023 1:50:00] Starting Engine
[01.07.2023 1:50:07] include dll
[01.07.2023 1:50:07] Starting game
[01.07.2023 1:50:27] Starting Engine
[01.07.2023 1:50:28] include dll
[01.07.2023 1:50:28] Starting game
[01.07.2023 1:52:06] Starting Engine
[01.07.2023 1:52:12] include dll
[01.07.2023 1:52:12] Starting game
[01.07.2023 1:52:43] Starting Engine
[01.07.2023 1:53:19] Starting Engine
[01.07.2023 1:53:37] include dll
[01.07.2023 1:53:37] Starting game
[01.07.2023 1:55:11] Starting Engine
[01.07.2023 1:55:17] include dll
[01.07.2023 1:55:17] Starting game
[01.07.2023 1:56:06] Starting Engine
[01.07.2023 1:56:11] include dll
[01.07.2023 1:56:11] Starting game
[01.07.2023 2:00:13] Starting Engine
[01.07.2023 2:00:35] include dll
[01.07.2023 2:00:35] Starting game
[01.07.2023 2:08:22] Starting Engine
[01.07.2023 2:08:25] Include dll
[01.07.2023 2:08:25] Starting game
[01.07.2023 2:09:48] Starting Engine
[01.07.2023 2:09:50] Include dll
[01.07.2023 2:09:50] Starting game
[01.07.2023 2:10:47] Starting Engine
[01.07.2023 2:10:49] Include dll
[01.07.2023 2:10:49] Starting game
[01.07.2023 2:11:34] Starting Engine
[01.07.2023 2:11:37] Include dll
[01.07.2023 2:11:37] Starting game
[01.07.2023 2:31:21] Starting Engine
[01.07.2023 2:31:25] Include dll
[01.07.2023 2:31:25] Starting game
[01.07.2023 2:44:11] Starting Engine
[01.07.2023 2:44:12] Include dll
[01.07.2023 2:44:12] Starting game
[01.07.2023 2:45:15] Starting Engine
[01.07.2023 2:45:20] Include dll
[01.07.2023 2:45:20] Starting game
[01.07.2023 11:15:01] Starting Engine
[01.07.2023 11:15:04] Include dll
[01.07.2023 11:15:04] Starting game
[01.07.2023 11:55:54] Starting Engine
[01.07.2023 11:55:55] Include dll
[01.07.2023 11:55:55] Starting game
[01.07.2023 14:50:53] Starting Engine
[01.07.2023 14:50:56] Include dll
[01.07.2023 14:50:56] Starting game
[01.07.2023 14:51:19] Starting Engine
[01.07.2023 14:51:27] Include dll
[01.07.2023 14:51:27] Starting game
[01.07.2023 14:51:51] Starting Engine
[01.07.2023 14:51:57] Include dll
[01.07.2023 14:52:41] Starting Engine
[01.07.2023 14:52:46] Include dll
[01.07.2023 14:53:20] Starting Engine
[01.07.2023 14:53:24] Include dll
[01.07.2023 14:53:47] Starting Engine
[01.07.2023 14:53:55] Include dll
[01.07.2023 14:53:55] Starting game
[01.07.2023 14:54:46] Starting Engine
[01.07.2023 14:54:52] Include dll
[01.07.2023 14:54:53] Starting game
[01.07.2023 14:56:10] Starting Engine
[01.07.2023 14:56:11] Include dll
[01.07.2023 14:56:11] Starting game
[01.07.2023 14:57:18] Starting Engine
[01.07.2023 14:57:24] Include dll
[01.07.2023 14:57:24] Starting game
[01.07.2023 14:58:52] Starting Engine
[01.07.2023 14:59:00] Include dll
[01.07.2023 14:59:00] Starting game
[01.07.2023 15:02:13] Starting Engine
[01.07.2023 15:02:21] Include dll
[01.07.2023 15:02:21] Starting game
[01.07.2023 16:28:00] Starting Engine
[01.07.2023 16:28:13] Include dll
[01.07.2023 16:28:14] Starting game
[01.07.2023 16:28:39] Starting Engine
[01.07.2023 16:28:47] Include dll
[01.07.2023 16:28:47] Starting game
[01.07.2023 16:29:15] Starting Engine
[01.07.2023 16:29:20] Include dll
[01.07.2023 16:29:20] Starting game
[01.07.2023 16:30:46] Starting Engine
[01.07.2023 16:30:51] Include dll
[01.07.2023 16:30:51] Starting game
[01.07.2023 16:31:41] Starting Engine
[01.07.2023 16:31:45] Include dll
[01.07.2023 16:31:45] Starting game
[01.07.2023 16:32:11] Starting Engine
[01.07.2023 16:32:13] Include dll
[01.07.2023 16:32:13] Starting game
[01.07.2023 16:33:04] Starting Engine
[01.07.2023 16:33:06] Include dll
[01.07.2023 16:33:06] Starting game
[01.07.2023 16:33:44] Starting Engine
[01.07.2023 16:33:49] Include dll
[01.07.2023 16:33:49] Starting game
[01.07.2023 16:34:24] Starting Engine
[01.07.2023 16:34:27] Include dll
[01.07.2023 16:34:28] Starting game
